<?xml version="1.0" encoding="UTF-8"?>
<!-- Generated by org.testng.reporters.JUnitReportReporter -->
<testsuite skipped="0" hostname="DESKTOP-HTH63H4" name="testscripts.HomePageTest" tests="2" failures="0" timestamp="14 May 2020 06:47:17 GMT" time="21.666" errors="0">
  <testcase name="searchItemTest" time="9.164" classname="testscripts.HomePageTest"/>
  <testcase name="validateTitleTest" time="12.502" classname="testscripts.HomePageTest"/>
</testsuite> <!-- testscripts.HomePageTest -->
