<?xml version="1.0" encoding="UTF-8"?>
<!-- Generated by org.testng.reporters.JUnitReportReporter -->
<testsuite skipped="0" hostname="DESKTOP-HTH63H4" name="testscripts.SearchResultPageTest" tests="1" failures="0" timestamp="14 May 2020 07:26:37 GMT" time="9.745" errors="0">
  <testcase name="validateElementPresentTest" time="9.745" classname="testscripts.SearchResultPageTest"/>
</testsuite> <!-- testscripts.SearchResultPageTest -->
